<?xml version="1.0" encoding="utf-8"?>
<shfbBuild product="Sandcastle Help File Builder and Tools" version="2018.5.14.0" projectFile="C:\dobri\github\rabbitmq-helper\src\Thycotic.RabbitMq.Helper.PSCommands.Documentation\Thycotic.RabbitMq.Helper.PSCommands.Documentation.shfbproj" started="5/23/2018 11:20:08 AM">
<buildStep step="Initializing">
Finding tools...
The Sandcastle tools are located in &#39;C:\Program Files (x86)\EWSoftware\Sandcastle Help File Builder\&#39;
Locating components in the following folder(s):
    C:\dobri\github\rabbitmq-helper\src\Thycotic.RabbitMq.Helper.PSCommands.Documentation
    C:\ProgramData\EWSoftware\Sandcastle Help File Builder\Components and Plug-Ins\
    C:\Program Files (x86)\EWSoftware\Sandcastle Help File Builder\
Using framework reflection data for &#39;.NET Framework 4.5.1&#39; located in &#39;C:\Program Files (x86)\EWSoftware\Sandcastle Help File Builder\Data\.NETFramework&#39;
Using presentation style &#39;Markdown&#39; located in &#39;C:\Program Files (x86)\EWSoftware\Sandcastle Help File Builder\PresentationStyles\Markdown&#39;
</buildStep>
<buildStep step="ClearWorkFolder">
Clearing working folder...
-------------------------------
Clearing any prior web/markdown output...
</buildStep>
<buildStep step="ValidatingDocumentationSources">
Validating and copying documentation source information
Source: C:\dobri\github\rabbitmq-helper\src\Thycotic.RabbitMq.Helper.PSCommands\Thycotic.RabbitMq.Helper.PSCommands.csproj
    Found project &#39;C:\dobri\github\rabbitmq-helper\src\Thycotic.RabbitMq.Helper.PSCommands\Thycotic.RabbitMq.Helper.PSCommands.csproj&#39;
Source: C:\dobri\github\rabbitmq-helper\src\Thycotic.RabbitMq.Helper\Thycotic.RabbitMq.Helper.csproj
    Found project &#39;C:\dobri\github\rabbitmq-helper\src\Thycotic.RabbitMq.Helper\Thycotic.RabbitMq.Helper.csproj&#39;

Parsing project files
    Found assembly &#39;C:\dobri\github\rabbitmq-helper\src\Thycotic.RabbitMq.Helper.PSCommands\bin\Debug\Thycotic.RabbitMq.Helper.PSCommands.dll&#39;
    Found assembly &#39;C:\dobri\github\rabbitmq-helper\src\Thycotic.RabbitMq.Helper\bin\Debug\Thycotic.RabbitMq.Helper.exe&#39;

References to include (excluding framework assemblies):
    BouncyCastle.Crypto, Version=1.8.1.0, Culture=neutral, PublicKeyToken=0e99375e54769942
    Microsoft.Diagnostics.Tracing.EventSource, Version=1.1.28.0, Culture=neutral, PublicKeyToken=b03f5f7f11d50a3a, processorArchitecture=MSIL
    Newtonsoft.Json, Version=10.0.0.0, Culture=neutral, PublicKeyToken=30ad4fe6b2a6aeed, processorArchitecture=MSIL
    RabbitMQ.Client, Version=5.0.0.0, Culture=neutral, PublicKeyToken=89e7d7c5feba84ce, processorArchitecture=MSIL
    RestSharp, Version=100.0.0.0, Culture=neutral, PublicKeyToken=598062e77f915f75, processorArchitecture=MSIL
    System.Management.Automation, Version=3.0.0.0, Culture=neutral, PublicKeyToken=31bf3856ad364e35, processorArchitecture=MSIL

Copying XML comments files
    C:\dobri\github\rabbitmq-helper\src\Thycotic.RabbitMq.Helper.PSCommands\bin\Debug\Thycotic.RabbitMq.Helper.PSCommands.XML -&gt; C:\dobri\github\rabbitmq-helper\doc\Working\Thycotic.RabbitMq.Helper.PSCommands.XML
</buildStep>
<buildStep step="GenerateSharedContent">
Generating shared content files (en-US, English (United States))...
    Last step completed in 00:00:00.0080
</buildStep>
<buildStep step="GenerateApiFilter">
Generating API filter for MRefBuilder...
    Last step completed in 00:00:00.0015
</buildStep>
<buildStep step="GenerateReflectionInfo">
Generating reflection information...
[C:\Program Files (x86)\Microsoft Visual Studio\2017\Community\MSBuild\15.0\Bin\MSBuild.exe - GenerateRefInfo.proj]
Build started 5/23/2018 11:20:11 AM.
Project &quot;C:\dobri\github\rabbitmq-helper\doc\Working\GenerateRefInfo.proj&quot; on node 1 (default targets).
PrepareForBuild:
  Creating directory &quot;obj\Debug\&quot;.
GenerateRefInfo:
  MRefBuilder (v2018.5.14.0)
  Copyright c 2006-2018, Microsoft Corporation, All Rights Reserved.
  Portions Copyright c 2006-2018, Eric Woodruff, All Rights Reserved.
  No source code context base path specified.  Source context information is unavailable.
  Loaded 2 assemblies for reflection and 7 dependency assemblies.
  Wrote information on 7 namespaces, 35 types, and 126 members
  Copying file from &quot;reflection.org&quot; to &quot;reflection.all&quot;.
  XslTransform (v2018.5.14.0)
  Copyright c 2006-2018, Microsoft Corporation, All Rights Reserved.
  Portions Copyright c 2006-2018, Eric Woodruff, All Rights Reserved.
  Applying XSL transformation &#39;C:\Program Files (x86)\EWSoftware\Sandcastle Help File Builder\ProductionTransforms\MergeDuplicates.xsl&#39;.
Done Building Project &quot;C:\dobri\github\rabbitmq-helper\doc\Working\GenerateRefInfo.proj&quot; (default targets).
    Last step completed in 00:00:01.6087
</buildStep>
<buildStep step="TransformReflectionInfo">
Transforming reflection output...
[C:\Program Files (x86)\Microsoft Visual Studio\2017\Community\MSBuild\15.0\Bin\MSBuild.exe - TransformManifest.proj]
Build started 5/23/2018 11:20:12 AM.
Project &quot;C:\dobri\github\rabbitmq-helper\doc\Working\TransformManifest.proj&quot; on node 1 (default targets).
TransformManifest:
  XslTransform (v2018.5.14.0)
  Copyright c 2006-2018, Microsoft Corporation, All Rights Reserved.
  Portions Copyright c 2006-2018, Eric Woodruff, All Rights Reserved.
  Applying XSL transformation &#39;C:\Program Files (x86)\EWSoftware\Sandcastle Help File Builder\\ProductionTransforms\ApplyVSDocModel.xsl&#39;.
  Copying file from &quot;reflection.xml&quot; to &quot;reflection.nofilenames&quot;.
  XslTransform (v2018.5.14.0)
  Copyright c 2006-2018, Microsoft Corporation, All Rights Reserved.
  Portions Copyright c 2006-2018, Eric Woodruff, All Rights Reserved.
  Applying XSL transformation &#39;C:\Program Files (x86)\EWSoftware\Sandcastle Help File Builder\ProductionTransforms\AddFilenames.xsl&#39;.
    Unique name M_Thycotic_RabbitMq_Helper_PSCommands_Utility_OS_ExternalProcessRunner_Run_1 generated for M:Thycotic.RabbitMq.Helper.PSCommands.Utility.OS.ExternalProcessRunner.Run(System.String,System.String,System.String)
  XslTransform (v2018.5.14.0)
  Copyright c 2006-2018, Microsoft Corporation, All Rights Reserved.
  Portions Copyright c 2006-2018, Eric Woodruff, All Rights Reserved.
  Applying XSL transformation &#39;C:\Program Files (x86)\EWSoftware\Sandcastle Help File Builder\ProductionTransforms\ReflectionToManifest.xsl&#39;.
Done Building Project &quot;C:\dobri\github\rabbitmq-helper\doc\Working\TransformManifest.proj&quot; (default targets).
    Last step completed in 00:00:01.3887
</buildStep>
<buildStep step="GenerateNamespaceSummaries">
Generating namespace summary information...
    Last step completed in 00:00:00.2515
</buildStep>
<buildStep step="CopyConceptualContent">
Copying conceptual content...
Copying standard token shared content file...
Checking for other token files...
Checking for code snippets files...
Copying images and creating the media map file...
Generating conceptual topic files
    Parsing topic file &#39;C:\dobri\github\rabbitmq-helper\src\Thycotic.RabbitMq.Helper.PSCommands.Documentation\Content\Welcome.aml&#39;
    C:\dobri\github\rabbitmq-helper\src\Thycotic.RabbitMq.Helper.PSCommands.Documentation\Content\Welcome.aml -&gt; C:\dobri\github\rabbitmq-helper\doc\Working\ddueXml\aa6f1763-6dbc-481f-82c3-c55b3415dc70.xml
    Parsing topic file &#39;C:\dobri\github\rabbitmq-helper\src\Thycotic.RabbitMq.Helper.PSCommands.Documentation\Content\VersionHistory\VersionHistory.aml&#39;
    C:\dobri\github\rabbitmq-helper\src\Thycotic.RabbitMq.Helper.PSCommands.Documentation\Content\VersionHistory\VersionHistory.aml -&gt; C:\dobri\github\rabbitmq-helper\doc\Working\ddueXml\dea71406-661f-4bd6-9b1c-029d0816cbbc.xml
    Parsing topic file &#39;C:\dobri\github\rabbitmq-helper\src\Thycotic.RabbitMq.Helper.PSCommands.Documentation\Content\VersionHistory\v1.0.0.0.aml&#39;
    C:\dobri\github\rabbitmq-helper\src\Thycotic.RabbitMq.Helper.PSCommands.Documentation\Content\VersionHistory\v1.0.0.0.aml -&gt; C:\dobri\github\rabbitmq-helper\doc\Working\ddueXml\951081e7-af35-4609-a943-cd8991845df9.xml
    Last step completed in 00:00:00.0900
</buildStep>
<buildStep step="CreateConceptualTopicConfigs">
Creating conceptual topic configuration files...
    Companion files
    _ContentMetadata_.xml
    Merging topic IDs into manifest.xml
    Last step completed in 00:00:00.0420
</buildStep>
<buildStep step="CopyAdditionalContent">
Copying additional content files...
C:\dobri\github\rabbitmq-helper\src\Thycotic.RabbitMq.Helper.PSCommands.Documentation\icons\Help.png -&gt; C:\dobri\github\rabbitmq-helper\doc\Working\Output\Markdown\icons\Help.png
    Last step completed in 00:00:00.0080
</buildStep>
<buildStep step="MergeTablesOfContents">
Merging conceptual and additional tables of contents...
    Last step completed in 00:00:00.0010
</buildStep>
<buildStep step="GenerateIntermediateTableOfContents">
Generating intermediate table of contents file...
[C:\Program Files (x86)\Microsoft Visual Studio\2017\Community\MSBuild\15.0\Bin\MSBuild.exe - GenerateIntermediateTOC.proj]
Build started 5/23/2018 11:20:14 AM.
Project &quot;C:\dobri\github\rabbitmq-helper\doc\Working\GenerateIntermediateTOC.proj&quot; on node 1 (default targets).
GenerateIntermediateTOC:
  XslTransform (v2018.5.14.0)
  Copyright c 2006-2018, Microsoft Corporation, All Rights Reserved.
  Portions Copyright c 2006-2018, Eric Woodruff, All Rights Reserved.
  Applying XSL transformation &#39;C:\Program Files (x86)\EWSoftware\Sandcastle Help File Builder\\ProductionTransforms\CreateVSToc.xsl&#39;.
Done Building Project &quot;C:\dobri\github\rabbitmq-helper\doc\Working\GenerateIntermediateTOC.proj&quot; (default targets).
Generating conceptual content intermediate TOC file...
    Last step completed in 00:00:00.4161
</buildStep>
<buildStep step="CreateBuildAssemblerConfigs">
Creating Sandcastle configuration files...
    sandcastle.config
    Last step completed in 00:00:00.3795
</buildStep>
<buildStep step="MergeCustomConfigs">
Merging custom build component configurations
C:\dobri\github\rabbitmq-helper\doc\Working\sandcastle.config
  Updating reference topic configurations.
  Updating conceptual topic configurations.
    Removing unused ExampleComponent.
    Last step completed in 00:00:00.0050
</buildStep>
<buildStep step="BuildTopics">
Building help topics...
[C:\Program Files (x86)\Microsoft Visual Studio\2017\Community\MSBuild\15.0\Bin\MSBuild.exe - BuildTopics.proj]
Build started 5/23/2018 11:20:15 AM.
Project &quot;C:\dobri\github\rabbitmq-helper\doc\Working\BuildTopics.proj&quot; on node 1 (default targets).
BuildTopics:
  BuildAssembler (v2018.5.14.0)
  Copyright c 2006-2018, Microsoft Corporation, All Rights Reserved.
  Portions Copyright c 2006-2018, Eric Woodruff, All Rights Reserved.
  Loading configuration...
  Processing topics...
BuildAssembler : warning : ShowMissingComponent: [M:Thycotic.RabbitMq.Helper.PSCommands.Installation.PrerequisiteDownloader.CalculateMD5(System.String)] Missing &lt;returns&gt; documentation [C:\dobri\github\rabbitmq-helper\doc\Working\BuildTopics.proj]
BuildAssembler : warning : ShowMissingComponent: [M:Thycotic.RabbitMq.Helper.PSCommands.Installation.PrerequisiteDownloader.CalculateMD5(System.String)] Missing &lt;param name=&quot;path&quot;/&gt; documentation [C:\dobri\github\rabbitmq-helper\doc\Working\BuildTopics.proj]
BuildAssembler : warning : ShowMissingComponent: [N:Thycotic.RabbitMq.Helper.PSCommands.Utility] Missing &lt;summary&gt; documentation [C:\dobri\github\rabbitmq-helper\doc\Working\BuildTopics.proj]
BuildAssembler : warning : ShowMissingComponent: [M:Thycotic.RabbitMq.Helper.PSCommands.Utility.CmdletExtensions.AsChildOf(System.Management.Automation.Cmdlet,System.Management.Automation.Cmdlet)] Missing &lt;returns&gt; documentation [C:\dobri\github\rabbitmq-helper\doc\Working\BuildTopics.proj]
BuildAssembler : warning : ShowMissingComponent: [M:Thycotic.RabbitMq.Helper.PSCommands.Utility.DnsEx.GetDnsHostName] Missing &lt;returns&gt; documentation [C:\dobri\github\rabbitmq-helper\doc\Working\BuildTopics.proj]
BuildAssembler : warning : ShowMissingComponent: [N:Thycotic.RabbitMq.Helper.PSCommands.Utility.IO] Missing &lt;summary&gt; documentation [C:\dobri\github\rabbitmq-helper\doc\Working\BuildTopics.proj]
BuildAssembler : warning : ShowMissingComponent: [N:Thycotic.RabbitMq.Helper.PSCommands.Utility.OS] Missing &lt;summary&gt; documentation [C:\dobri\github\rabbitmq-helper\doc\Working\BuildTopics.proj]
BuildAssembler : warning : ShowMissingComponent: [N:Thycotic.RabbitMq.Helper.PSCommands.Utility.Reflection] Missing &lt;summary&gt; documentation [C:\dobri\github\rabbitmq-helper\doc\Working\BuildTopics.proj]
BuildAssembler : warning : ShowMissingComponent: [M:Thycotic.RabbitMq.Helper.PSCommands.Utility.Reflection.AssemblyEntryPointProvider.GetAssemblyDirectory(System.Type)] Missing &lt;returns&gt; documentation [C:\dobri\github\rabbitmq-helper\doc\Working\BuildTopics.proj]
  Processed 238 topic(s)
  9 warning(s)
  CopyFromIndexComponent: &quot;metadata&quot; in-memory cache entries used: 1 of 15.
  ResolveArtLinksComponent: Copying media files...
  CopyFromIndexComponent: &quot;reflection&quot; in-memory cache entries used: 4 of 15.
  CopyFromIndexComponent: &quot;comments&quot; in-memory cache entries used: 3 of 30.
  SaveComponent: Waiting for the document writer task to finish (1 Markdown API file(s) remaining)...
Done Building Project &quot;C:\dobri\github\rabbitmq-helper\doc\Working\BuildTopics.proj&quot; (default targets).
    Last step completed in 00:00:12.7336
</buildStep>
<buildStep step="CombiningIntermediateTocFiles">
Combining conceptual and API intermediate TOC files...
    Last step completed in 00:00:00.0050
</buildStep>
<buildStep step="CopyStandardHelpContent">
Copying standard help content...
C:\Program Files (x86)\EWSoftware\Sandcastle Help File Builder\PresentationStyles\Markdown\media\AlertCaution.png -&gt; C:\dobri\github\rabbitmq-helper\doc\Working\Output\Markdown\media\AlertCaution.png
C:\Program Files (x86)\EWSoftware\Sandcastle Help File Builder\PresentationStyles\Markdown\media\AlertNote.png -&gt; C:\dobri\github\rabbitmq-helper\doc\Working\Output\Markdown\media\AlertNote.png
C:\Program Files (x86)\EWSoftware\Sandcastle Help File Builder\PresentationStyles\Markdown\media\AlertSecurity.png -&gt; C:\dobri\github\rabbitmq-helper\doc\Working\Output\Markdown\media\AlertSecurity.png
C:\Program Files (x86)\EWSoftware\Sandcastle Help File Builder\PresentationStyles\Markdown\media\CFW.gif -&gt; C:\dobri\github\rabbitmq-helper\doc\Working\Output\Markdown\media\CFW.gif
C:\Program Files (x86)\EWSoftware\Sandcastle Help File Builder\PresentationStyles\Markdown\media\CodeExample.png -&gt; C:\dobri\github\rabbitmq-helper\doc\Working\Output\Markdown\media\CodeExample.png
C:\Program Files (x86)\EWSoftware\Sandcastle Help File Builder\PresentationStyles\Markdown\media\privclass.gif -&gt; C:\dobri\github\rabbitmq-helper\doc\Working\Output\Markdown\media\privclass.gif
C:\Program Files (x86)\EWSoftware\Sandcastle Help File Builder\PresentationStyles\Markdown\media\privdelegate.gif -&gt; C:\dobri\github\rabbitmq-helper\doc\Working\Output\Markdown\media\privdelegate.gif
C:\Program Files (x86)\EWSoftware\Sandcastle Help File Builder\PresentationStyles\Markdown\media\privenumeration.gif -&gt; C:\dobri\github\rabbitmq-helper\doc\Working\Output\Markdown\media\privenumeration.gif
C:\Program Files (x86)\EWSoftware\Sandcastle Help File Builder\PresentationStyles\Markdown\media\privevent.gif -&gt; C:\dobri\github\rabbitmq-helper\doc\Working\Output\Markdown\media\privevent.gif
C:\Program Files (x86)\EWSoftware\Sandcastle Help File Builder\PresentationStyles\Markdown\media\privextension.gif -&gt; C:\dobri\github\rabbitmq-helper\doc\Working\Output\Markdown\media\privextension.gif
C:\Program Files (x86)\EWSoftware\Sandcastle Help File Builder\PresentationStyles\Markdown\media\privfield.gif -&gt; C:\dobri\github\rabbitmq-helper\doc\Working\Output\Markdown\media\privfield.gif
C:\Program Files (x86)\EWSoftware\Sandcastle Help File Builder\PresentationStyles\Markdown\media\privinterface.gif -&gt; C:\dobri\github\rabbitmq-helper\doc\Working\Output\Markdown\media\privinterface.gif
C:\Program Files (x86)\EWSoftware\Sandcastle Help File Builder\PresentationStyles\Markdown\media\privmethod.gif -&gt; C:\dobri\github\rabbitmq-helper\doc\Working\Output\Markdown\media\privmethod.gif
C:\Program Files (x86)\EWSoftware\Sandcastle Help File Builder\PresentationStyles\Markdown\media\privproperty.gif -&gt; C:\dobri\github\rabbitmq-helper\doc\Working\Output\Markdown\media\privproperty.gif
C:\Program Files (x86)\EWSoftware\Sandcastle Help File Builder\PresentationStyles\Markdown\media\privstructure.gif -&gt; C:\dobri\github\rabbitmq-helper\doc\Working\Output\Markdown\media\privstructure.gif
C:\Program Files (x86)\EWSoftware\Sandcastle Help File Builder\PresentationStyles\Markdown\media\protclass.gif -&gt; C:\dobri\github\rabbitmq-helper\doc\Working\Output\Markdown\media\protclass.gif
C:\Program Files (x86)\EWSoftware\Sandcastle Help File Builder\PresentationStyles\Markdown\media\protdelegate.gif -&gt; C:\dobri\github\rabbitmq-helper\doc\Working\Output\Markdown\media\protdelegate.gif
C:\Program Files (x86)\EWSoftware\Sandcastle Help File Builder\PresentationStyles\Markdown\media\protenumeration.gif -&gt; C:\dobri\github\rabbitmq-helper\doc\Working\Output\Markdown\media\protenumeration.gif
C:\Program Files (x86)\EWSoftware\Sandcastle Help File Builder\PresentationStyles\Markdown\media\protevent.gif -&gt; C:\dobri\github\rabbitmq-helper\doc\Working\Output\Markdown\media\protevent.gif
C:\Program Files (x86)\EWSoftware\Sandcastle Help File Builder\PresentationStyles\Markdown\media\protextension.gif -&gt; C:\dobri\github\rabbitmq-helper\doc\Working\Output\Markdown\media\protextension.gif
C:\Program Files (x86)\EWSoftware\Sandcastle Help File Builder\PresentationStyles\Markdown\media\protfield.gif -&gt; C:\dobri\github\rabbitmq-helper\doc\Working\Output\Markdown\media\protfield.gif
C:\Program Files (x86)\EWSoftware\Sandcastle Help File Builder\PresentationStyles\Markdown\media\protinterface.gif -&gt; C:\dobri\github\rabbitmq-helper\doc\Working\Output\Markdown\media\protinterface.gif
C:\Program Files (x86)\EWSoftware\Sandcastle Help File Builder\PresentationStyles\Markdown\media\protmethod.gif -&gt; C:\dobri\github\rabbitmq-helper\doc\Working\Output\Markdown\media\protmethod.gif
C:\Program Files (x86)\EWSoftware\Sandcastle Help File Builder\PresentationStyles\Markdown\media\protoperator.gif -&gt; C:\dobri\github\rabbitmq-helper\doc\Working\Output\Markdown\media\protoperator.gif
C:\Program Files (x86)\EWSoftware\Sandcastle Help File Builder\PresentationStyles\Markdown\media\protproperty.gif -&gt; C:\dobri\github\rabbitmq-helper\doc\Working\Output\Markdown\media\protproperty.gif
C:\Program Files (x86)\EWSoftware\Sandcastle Help File Builder\PresentationStyles\Markdown\media\protstructure.gif -&gt; C:\dobri\github\rabbitmq-helper\doc\Working\Output\Markdown\media\protstructure.gif
C:\Program Files (x86)\EWSoftware\Sandcastle Help File Builder\PresentationStyles\Markdown\media\pubclass.gif -&gt; C:\dobri\github\rabbitmq-helper\doc\Working\Output\Markdown\media\pubclass.gif
C:\Program Files (x86)\EWSoftware\Sandcastle Help File Builder\PresentationStyles\Markdown\media\pubdelegate.gif -&gt; C:\dobri\github\rabbitmq-helper\doc\Working\Output\Markdown\media\pubdelegate.gif
C:\Program Files (x86)\EWSoftware\Sandcastle Help File Builder\PresentationStyles\Markdown\media\pubenumeration.gif -&gt; C:\dobri\github\rabbitmq-helper\doc\Working\Output\Markdown\media\pubenumeration.gif
C:\Program Files (x86)\EWSoftware\Sandcastle Help File Builder\PresentationStyles\Markdown\media\pubevent.gif -&gt; C:\dobri\github\rabbitmq-helper\doc\Working\Output\Markdown\media\pubevent.gif
C:\Program Files (x86)\EWSoftware\Sandcastle Help File Builder\PresentationStyles\Markdown\media\pubextension.gif -&gt; C:\dobri\github\rabbitmq-helper\doc\Working\Output\Markdown\media\pubextension.gif
C:\Program Files (x86)\EWSoftware\Sandcastle Help File Builder\PresentationStyles\Markdown\media\pubfield.gif -&gt; C:\dobri\github\rabbitmq-helper\doc\Working\Output\Markdown\media\pubfield.gif
C:\Program Files (x86)\EWSoftware\Sandcastle Help File Builder\PresentationStyles\Markdown\media\pubinterface.gif -&gt; C:\dobri\github\rabbitmq-helper\doc\Working\Output\Markdown\media\pubinterface.gif
C:\Program Files (x86)\EWSoftware\Sandcastle Help File Builder\PresentationStyles\Markdown\media\pubmethod.gif -&gt; C:\dobri\github\rabbitmq-helper\doc\Working\Output\Markdown\media\pubmethod.gif
C:\Program Files (x86)\EWSoftware\Sandcastle Help File Builder\PresentationStyles\Markdown\media\puboperator.gif -&gt; C:\dobri\github\rabbitmq-helper\doc\Working\Output\Markdown\media\puboperator.gif
C:\Program Files (x86)\EWSoftware\Sandcastle Help File Builder\PresentationStyles\Markdown\media\pubproperty.gif -&gt; C:\dobri\github\rabbitmq-helper\doc\Working\Output\Markdown\media\pubproperty.gif
C:\Program Files (x86)\EWSoftware\Sandcastle Help File Builder\PresentationStyles\Markdown\media\pubstructure.gif -&gt; C:\dobri\github\rabbitmq-helper\doc\Working\Output\Markdown\media\pubstructure.gif
C:\Program Files (x86)\EWSoftware\Sandcastle Help File Builder\PresentationStyles\Markdown\media\slMobile.gif -&gt; C:\dobri\github\rabbitmq-helper\doc\Working\Output\Markdown\media\slMobile.gif
C:\Program Files (x86)\EWSoftware\Sandcastle Help File Builder\PresentationStyles\Markdown\media\static.gif -&gt; C:\dobri\github\rabbitmq-helper\doc\Working\Output\Markdown\media\static.gif
C:\Program Files (x86)\EWSoftware\Sandcastle Help File Builder\PresentationStyles\Markdown\media\xna.gif -&gt; C:\dobri\github\rabbitmq-helper\doc\Working\Output\Markdown\media\xna.gif
C:\Program Files (x86)\EWSoftware\Sandcastle Help File Builder\PresentationStyles\Markdown\MarkdownContent\_Footer.md -&gt; C:\dobri\github\rabbitmq-helper\doc\Working\Output\Markdown\_Footer.md
    Last step completed in 00:00:00.5506
</buildStep>
<buildStep step="GenerateHelpFormatTableOfContents">
Executing informational Generate Table of Contents build step for plug-ins (not used for Markdown)
    Last step completed in 00:00:00.0020
</buildStep>
<buildStep step="GenerateHelpProject">
Executing informational Generate Help Project build step for plug-ins (not used for Markdown)
    Last step completed in 00:00:00.0020
</buildStep>
<buildStep step="CompilingHelpFile">
Generating markdown content...
[C:\Program Files (x86)\Microsoft Visual Studio\2017\Community\MSBuild\15.0\Bin\MSBuild.exe - GenerateMarkdownContent.proj]
  Finished generating 238 topics
  Copying content to output folder...
  Finished copying 282 files
    Last step completed in 00:00:06.6673
</buildStep>
<buildStep step="CleanIntermediates">
Removing intermediate files...
    Not all build output was removed from &#39;C:\dobri\github\rabbitmq-helper\doc\Working\&#39;: The directory is not empty.

    Last step completed in 00:00:00.3170
</buildStep>
<buildStep step="Completed">

Build completed successfully at 5/23/2018 11:20:35 AM.  Total time: 00:00:26.6749

</buildStep>
</shfbBuild>
